<?xml version="1.0" encoding="UTF-8" ?>
<testsuite tests="6" failures="0" name="testRunner.TestRun" time="97.025" errors="6" skipped="0">
  <properties>
    <property name="java.runtime.name" value="Java(TM) SE Runtime Environment"/>
    <property name="sun.boot.library.path" value="C:\Program Files\Java\jdk1.8.0_221\jre\bin"/>
    <property name="java.vm.version" value="25.221-b11"/>
    <property name="java.vm.vendor" value="Oracle Corporation"/>
    <property name="maven.multiModuleProjectDirectory" value="C:\ST\Automation\WorkspaceSDET\SeleniumCucumberEclipseProjectold"/>
    <property name="java.vendor.url" value="http://java.oracle.com/"/>
    <property name="path.separator" value=";"/>
    <property name="guice.disable.misplaced.annotation.check" value="true"/>
    <property name="java.vm.name" value="Java HotSpot(TM) 64-Bit Server VM"/>
    <property name="file.encoding.pkg" value="sun.io"/>
    <property name="user.script" value=""/>
    <property name="user.country" value="GB"/>
    <property name="sun.java.launcher" value="SUN_STANDARD"/>
    <property name="sun.os.patch.level" value=""/>
    <property name="java.vm.specification.name" value="Java Virtual Machine Specification"/>
    <property name="user.dir" value="C:\ST\Automation\WorkspaceSDET\SeleniumCucumberEclipseProjectold"/>
    <property name="java.runtime.version" value="1.8.0_221-b11"/>
    <property name="java.awt.graphicsenv" value="sun.awt.Win32GraphicsEnvironment"/>
    <property name="java.endorsed.dirs" value="C:\Program Files\Java\jdk1.8.0_221\jre\lib\endorsed"/>
    <property name="os.arch" value="amd64"/>
    <property name="java.io.tmpdir" value="C:\Users\suman\AppData\Local\Temp\"/>
    <property name="line.separator" value="
"/>
    <property name="java.vm.specification.vendor" value="Oracle Corporation"/>
    <property name="user.variant" value=""/>
    <property name="os.name" value="Windows 10"/>
    <property name="classworlds.conf" value="C:\ST\Automation\WorkspaceSDET\.metadata\.plugins\org.eclipse.m2e.launching\launches\m2conf3621644567376818495.tmp"/>
    <property name="sun.jnu.encoding" value="Cp1252"/>
    <property name="java.library.path" value="C:\Program Files\Java\jdk1.8.0_221\bin;C:\WINDOWS\Sun\Java\bin;C:\WINDOWS\system32;C:\WINDOWS;C:/Program Files/Java/jdk1.8.0_221/bin/../jre/bin/server;C:/Program Files/Java/jdk1.8.0_221/bin/../jre/bin;C:/Program Files/Java/jdk1.8.0_221/bin/../jre/lib/amd64;C:\Program Files\Java\jdk1.8.0_221\bin;C:\Program Files (x86)\Intel\iCLS Client\;C:\Program Files\Intel\iCLS Client\;C:\Windows\system32;C:\Windows;C:\Windows\System32\Wbem;C:\Windows\System32\WindowsPowerShell\v1.0\;C:\Program Files (x86)\NVIDIA Corporation\PhysX\Common;C:\Program Files (x86)\Intel\Intel(R) Management Engine Components\DAL;C:\Program Files\Intel\Intel(R) Management Engine Components\DAL;C:\Program Files (x86)\Intel\Intel(R) Management Engine Components\IPT;C:\Program Files\Intel\Intel(R) Management Engine Components\IPT;C:\WINDOWS\system32;C:\WINDOWS;C:\WINDOWS\System32\Wbem;C:\WINDOWS\System32\WindowsPowerShell\v1.0\;C:\Program Files\Intel\WiFi\bin\;C:\Program Files\Common Files\Intel\WirelessCommon\;C:\Program Files\Java\jdk1.8.0_221\bin;C:\WINDOWS\System32\OpenSSH\;C:\Work\apache-maven-3.5.4-bin\apache-maven-3.5.4\bin;C:\Program Files\Microsoft SQL Server\Client SDK\ODBC\130\Tools\Binn\;C:\Program Files (x86)\Microsoft SQL Server\140\Tools\Binn\;C:\Program Files\Microsoft SQL Server\140\Tools\Binn\;C:\Program Files\Microsoft SQL Server\140\DTS\Binn\;C:\Program Files (x86)\Microsoft SQL Server\150\DTS\Binn\;C:\Program Files\dotnet\;C:\Program Files\Microsoft SQL Server\130\Tools\Binn\;C:\Program Files\Microsoft SQL Server\Client SDK\ODBC\170\Tools\Binn\;C:\Program Files\nodejs\;C:\ST\Automation\Jar files\apache-maven-3.6.2-bin\apache-maven-3.6.2\bin;C:\ST\Automation\Jar files\allure-commandline-2.13.0\allure-2.13.0\bin;C:\apache-maven-3.6.3-bin\apache-maven-3.6.3\bin;C:\Program Files\Java\jdk1.8.0_221\lib;C:\Program Files\Git\mingw64\bin;C:\apache-maven-3.6.3-bin\apache-maven-3.6.3\;C:\apache-maven-3.6.3-bin\apache-maven-3.6.3\\bin;C:\Users\suman\AppData\Local\Microsoft\WindowsApps;C:\Users\suman\AppData\Roaming\Dashlane\5.3.1.13504\bin\Firefox_Extension\{442718d9-475e-452a-b3e1-fb1ee16b8e9f}\components;C:\Users\suman\AppData\Roaming\Dashlane\5.3.1.13504\ucrt;C:\Users\suman\AppData\Roaming\npm;C:\Program Files\Git\mingw64\bin;;C:\Users\suman\Desktop;;."/>
    <property name="java.specification.name" value="Java Platform API Specification"/>
    <property name="java.class.version" value="52.0"/>
    <property name="sun.management.compiler" value="HotSpot 64-Bit Tiered Compilers"/>
    <property name="os.version" value="10.0"/>
    <property name="user.home" value="C:\Users\suman"/>
    <property name="user.timezone" value="Europe/London"/>
    <property name="java.awt.printerjob" value="sun.awt.windows.WPrinterJob"/>
    <property name="java.specification.version" value="1.8"/>
    <property name="file.encoding" value="Cp1252"/>
    <property name="user.name" value="suman"/>
    <property name="java.class.path" value="C:\Users\suman\.p2\pool\plugins\org.eclipse.m2e.maven.runtime_1.11.0.20190220-2117\jars\plexus-classworlds-2.5.2.jar"/>
    <property name="java.vm.specification.version" value="1.8"/>
    <property name="sun.arch.data.model" value="64"/>
    <property name="java.home" value="C:\Program Files\Java\jdk1.8.0_221\jre"/>
    <property name="sun.java.command" value="org.codehaus.plexus.classworlds.launcher.Launcher -B test"/>
    <property name="java.specification.vendor" value="Oracle Corporation"/>
    <property name="user.language" value="en"/>
    <property name="awt.toolkit" value="sun.awt.windows.WToolkit"/>
    <property name="java.vm.info" value="mixed mode"/>
    <property name="java.version" value="1.8.0_221"/>
    <property name="java.ext.dirs" value="C:\Program Files\Java\jdk1.8.0_221\jre\lib\ext;C:\WINDOWS\Sun\Java\lib\ext"/>
    <property name="sun.boot.class.path" value="C:\Program Files\Java\jdk1.8.0_221\jre\lib\resources.jar;C:\Program Files\Java\jdk1.8.0_221\jre\lib\rt.jar;C:\Program Files\Java\jdk1.8.0_221\jre\lib\jsse.jar;C:\Program Files\Java\jdk1.8.0_221\jre\lib\jce.jar;C:\Program Files\Java\jdk1.8.0_221\jre\lib\charsets.jar;C:\Program Files\Java\jdk1.8.0_221\jre\lib\jfr.jar;C:\Program Files\Java\jdk1.8.0_221\lib\tools.jar"/>
    <property name="java.vendor" value="Oracle Corporation"/>
    <property name="maven.home" value="C:\ST\Automation\WorkspaceSDET\SeleniumCucumberEclipseProjectold\EMBEDDED"/>
    <property name="file.separator" value="\"/>
    <property name="java.vendor.url.bug" value="http://bugreport.sun.com/bugreport/"/>
    <property name="sun.cpu.endian" value="little"/>
    <property name="sun.io.unicode.encoding" value="UnicodeLittle"/>
    <property name="sun.desktop" value="windows"/>
    <property name="sun.cpu.isalist" value="amd64"/>
  </properties>
  <testcase classname="Customer" name="Add new Customer" time="20.261">
    <error message="no such window: target window already closed
from unknown error: web view not found
  (Session info: chrome=79.0.3945.130)
Build info: version: &apos;3.141.59&apos;, revision: &apos;e82be7d358&apos;, time: &apos;2018-11-14T08:17:03&apos;
System info: host: &apos;ST&apos;, ip: &apos;192.168.0.23&apos;, os.name: &apos;Windows 10&apos;, os.arch: &apos;amd64&apos;, os.version: &apos;10.0&apos;, java.version: &apos;1.8.0_221&apos;
Driver info: org.openqa.selenium.chrome.ChromeDriver
Capabilities {acceptInsecureCerts: false, browserName: chrome, browserVersion: 79.0.3945.130, chrome: {chromedriverVersion: 79.0.3945.36 (3582db32b3389..., userDataDir: C:\Users\suman\AppData\Loca...}, goog:chromeOptions: {debuggerAddress: localhost:50773}, javascriptEnabled: true, networkConnectionEnabled: false, pageLoadStrategy: normal, platform: WINDOWS, platformName: WINDOWS, proxy: Proxy(), setWindowRect: true, strictFileInteractability: false, timeouts: {implicit: 0, pageLoad: 300000, script: 30000}, unhandledPromptBehavior: dismiss and notify}
Session ID: 77a067ee396a6598758edfa0ce6e2278" type="org.openqa.selenium.NoSuchWindowException">org.openqa.selenium.NoSuchWindowException: no such window: target window already closed
from unknown error: web view not found
  (Session info: chrome=79.0.3945.130)
Build info: version: &apos;3.141.59&apos;, revision: &apos;e82be7d358&apos;, time: &apos;2018-11-14T08:17:03&apos;
System info: host: &apos;ST&apos;, ip: &apos;192.168.0.23&apos;, os.name: &apos;Windows 10&apos;, os.arch: &apos;amd64&apos;, os.version: &apos;10.0&apos;, java.version: &apos;1.8.0_221&apos;
Driver info: org.openqa.selenium.chrome.ChromeDriver
Capabilities {acceptInsecureCerts: false, browserName: chrome, browserVersion: 79.0.3945.130, chrome: {chromedriverVersion: 79.0.3945.36 (3582db32b3389..., userDataDir: C:\Users\suman\AppData\Loca...}, goog:chromeOptions: {debuggerAddress: localhost:50773}, javascriptEnabled: true, networkConnectionEnabled: false, pageLoadStrategy: normal, platform: WINDOWS, platformName: WINDOWS, proxy: Proxy(), setWindowRect: true, strictFileInteractability: false, timeouts: {implicit: 0, pageLoad: 300000, script: 30000}, unhandledPromptBehavior: dismiss and notify}
Session ID: 77a067ee396a6598758edfa0ce6e2278
	at sun.reflect.NativeConstructorAccessorImpl.newInstance0(Native Method)
	at sun.reflect.NativeConstructorAccessorImpl.newInstance(NativeConstructorAccessorImpl.java:62)
	at sun.reflect.DelegatingConstructorAccessorImpl.newInstance(DelegatingConstructorAccessorImpl.java:45)
	at java.lang.reflect.Constructor.newInstance(Constructor.java:423)
	at org.openqa.selenium.remote.http.W3CHttpResponseCodec.createException(W3CHttpResponseCodec.java:187)
	at org.openqa.selenium.remote.http.W3CHttpResponseCodec.decode(W3CHttpResponseCodec.java:122)
	at org.openqa.selenium.remote.http.W3CHttpResponseCodec.decode(W3CHttpResponseCodec.java:49)
	at org.openqa.selenium.remote.HttpCommandExecutor.execute(HttpCommandExecutor.java:158)
	at org.openqa.selenium.remote.service.DriverCommandExecutor.execute(DriverCommandExecutor.java:83)
	at org.openqa.selenium.remote.RemoteWebDriver.execute(RemoteWebDriver.java:552)
	at org.openqa.selenium.remote.RemoteWebDriver.execute(RemoteWebDriver.java:609)
	at org.openqa.selenium.remote.RemoteWebDriver.getTitle(RemoteWebDriver.java:281)
	at pageObjects.AddcustomerPage.getPageTitle(AddcustomerPage.java:44)
	at stepDefinitions.Steps.user_can_view_Dashboard(Steps.java:84)
	at ✽.USer can view Dashboard(file:Features/Customer.feature:8)
</error>
    <system-out>Feature: Customer

  Background: Below are the common steps for each scenario                 # Features/Customer.feature:3
[DEBUG] Removing preference chrome=79 (expired on 2020-01-01 13:46:11)
[DEBUG] Running command on the shell: [wmic, datafile, where, name=&apos;C:\\Program Files (x86)\\Google\\Chrome\\Application\\chrome.exe&apos;, get, Version, /value]
[DEBUG] Result: Version=79.0.3945.130
[DEBUG] Removing preference chrome79=79.0.3945.36 (expired on 2020-01-01 13:46:11)
[DEBUG] Getting driver version for chrome79 from online versions.properties
[INFO] Using chromedriver 79.0.3945.36 (since Google Chrome 79 is installed in your machine)
[DEBUG] Storing preference chrome=79 (valid until 2020-02-26 13:11:19)
[DEBUG] Storing preference chrome79=79.0.3945.36 (valid until 2020-02-26 13:11:19)
[DEBUG] Driver chromedriver 79.0.3945.36 found in cache
[INFO] Exporting webdriver.chrome.driver as C:\Users\suman\.m2\repository\webdriver\chromedriver\win32\79.0.3945.36\chromedriver.exe
    Given User Launch Chrome browser                                       # Steps.user_Launch_Chrome_browser()
    When User opens URL &quot;https://admin-demo.nopcommerce.com/login&quot;         # Steps.user_opens_URL(String)
    And User enters Email as &quot;admin@yourstore.com&quot; and Password as &quot;admin&quot; # Steps.user_enters_Email_as_and_Password_as(String,String)
    And Click on Login                                                     # Steps.click_on_Login()
    Then USer can view Dashboard                                           # Steps.user_can_view_Dashboard()
      org.openqa.selenium.NoSuchWindowException: no such window: target window already closed
from unknown error: web view not found
  (Session info: chrome=79.0.3945.130)
Build info: version: &apos;3.141.59&apos;, revision: &apos;e82be7d358&apos;, time: &apos;2018-11-14T08:17:03&apos;
System info: host: &apos;ST&apos;, ip: &apos;192.168.0.23&apos;, os.name: &apos;Windows 10&apos;, os.arch: &apos;amd64&apos;, os.version: &apos;10.0&apos;, java.version: &apos;1.8.0_221&apos;
Driver info: org.openqa.selenium.chrome.ChromeDriver
Capabilities {acceptInsecureCerts: false, browserName: chrome, browserVersion: 79.0.3945.130, chrome: {chromedriverVersion: 79.0.3945.36 (3582db32b3389..., userDataDir: C:\Users\suman\AppData\Loca...}, goog:chromeOptions: {debuggerAddress: localhost:50773}, javascriptEnabled: true, networkConnectionEnabled: false, pageLoadStrategy: normal, platform: WINDOWS, platformName: WINDOWS, proxy: Proxy(), setWindowRect: true, strictFileInteractability: false, timeouts: {implicit: 0, pageLoad: 300000, script: 30000}, unhandledPromptBehavior: dismiss and notify}
Session ID: 77a067ee396a6598758edfa0ce6e2278
	at sun.reflect.NativeConstructorAccessorImpl.newInstance0(Native Method)
	at sun.reflect.NativeConstructorAccessorImpl.newInstance(NativeConstructorAccessorImpl.java:62)
	at sun.reflect.DelegatingConstructorAccessorImpl.newInstance(DelegatingConstructorAccessorImpl.java:45)
	at java.lang.reflect.Constructor.newInstance(Constructor.java:423)
	at org.openqa.selenium.remote.http.W3CHttpResponseCodec.createException(W3CHttpResponseCodec.java:187)
	at org.openqa.selenium.remote.http.W3CHttpResponseCodec.decode(W3CHttpResponseCodec.java:122)
	at org.openqa.selenium.remote.http.W3CHttpResponseCodec.decode(W3CHttpResponseCodec.java:49)
	at org.openqa.selenium.remote.HttpCommandExecutor.execute(HttpCommandExecutor.java:158)
	at org.openqa.selenium.remote.service.DriverCommandExecutor.execute(DriverCommandExecutor.java:83)
	at org.openqa.selenium.remote.RemoteWebDriver.execute(RemoteWebDriver.java:552)
	at org.openqa.selenium.remote.RemoteWebDriver.execute(RemoteWebDriver.java:609)
	at org.openqa.selenium.remote.RemoteWebDriver.getTitle(RemoteWebDriver.java:281)
	at pageObjects.AddcustomerPage.getPageTitle(AddcustomerPage.java:44)
	at stepDefinitions.Steps.user_can_view_Dashboard(Steps.java:84)
	at ?.USer can view Dashboard(file:Features/Customer.feature:8)


  Scenario: Add new Customer                                                               # Features/Customer.feature:10
    When User click on customers Menu                                                      # Steps.user_click_on_customers_Menu()
    And click on customers Menu Item                                                       # Steps.click_on_customers_Menu_Item()
    And click on Add new button                                                            # Steps.click_on_Add_new_button()
    Then User can view Add new customer page                                               # Steps.user_can_view_Add_new_customer_page()
    When User enter customer info                                                          # Steps.user_enter_customer_info()
    And click on save button                                                               # Steps.click_on_save_button()
    Then User can view confiramtion message &quot;The new customer has been added successfully&quot; # Steps.user_can_view_confiramtion_message(String)
    And close browser                                                                      # Steps.close_browser()
</system-out>
    <system-err>Starting ChromeDriver 79.0.3945.36 (3582db32b33893869b8c1339e8f4d9ed1816f143-refs/branch-heads/3945@{#614}) on port 30799
Only local connections are allowed.
Please protect ports used by ChromeDriver and related test frameworks to prevent access by malicious code.
[1582636282.960][WARNING]: Timed out connecting to Chrome, retrying...
Feb 25, 2020 1:11:24 PM org.openqa.selenium.remote.ProtocolHandshake createSession
INFO: Detected dialect: W3C
[1582636287.051][WARNING]: Timed out connecting to Chrome, retrying...
</system-err>
  </testcase>
  <testcase classname="Customer" name="Search Customer by EMailID" time="15.275">
    <error message="session not created
from chrome not reachable
  (Session info: chrome=79.0.3945.130)
Build info: version: &apos;3.141.59&apos;, revision: &apos;e82be7d358&apos;, time: &apos;2018-11-14T08:17:03&apos;
System info: host: &apos;ST&apos;, ip: &apos;192.168.0.23&apos;, os.name: &apos;Windows 10&apos;, os.arch: &apos;amd64&apos;, os.version: &apos;10.0&apos;, java.version: &apos;1.8.0_221&apos;
Driver info: driver.version: ChromeDriver
remote stacktrace: Backtrace:
	Ordinal0 [0x00DDA113+1548563]
	Ordinal0 [0x00D5DDA1+1039777]
	Ordinal0 [0x00CDE32E+516910]
	Ordinal0 [0x00CD8012+491538]
	Ordinal0 [0x00CD86EB+493291]
	Ordinal0 [0x00CD9855+497749]
	Ordinal0 [0x00CD5885+481413]
	Ordinal0 [0x00CDF0D0+520400]
	Ordinal0 [0x00C8C030+180272]
	Ordinal0 [0x00C8B59D+177565]
	Ordinal0 [0x00C895FB+169467]
	Ordinal0 [0x00C7160A+71178]
	Ordinal0 [0x00C72690+75408]
	Ordinal0 [0x00C72629+75305]
	Ordinal0 [0x00D771B7+1143223]
	GetHandleVerifier [0x00E72B46+507814]
	GetHandleVerifier [0x00E72864+507076]
	GetHandleVerifier [0x00E79F47+537511]
	GetHandleVerifier [0x00E73402+510050]
	Ordinal0 [0x00D6F29C+1110684]
	Ordinal0 [0x00D7938B+1151883]
	Ordinal0 [0x00D794F3+1152243]
	Ordinal0 [0x00D783F5+1147893]
	BaseThreadInitThunk [0x74F86359+25]
	RtlGetAppContainerNamedObjectPath [0x77337B74+228]
	RtlGetAppContainerNamedObjectPath [0x77337B44+180]
" type="org.openqa.selenium.SessionNotCreatedException">org.openqa.selenium.SessionNotCreatedException: session not created
from chrome not reachable
  (Session info: chrome=79.0.3945.130)
Build info: version: &apos;3.141.59&apos;, revision: &apos;e82be7d358&apos;, time: &apos;2018-11-14T08:17:03&apos;
System info: host: &apos;ST&apos;, ip: &apos;192.168.0.23&apos;, os.name: &apos;Windows 10&apos;, os.arch: &apos;amd64&apos;, os.version: &apos;10.0&apos;, java.version: &apos;1.8.0_221&apos;
Driver info: driver.version: ChromeDriver
remote stacktrace: Backtrace:
	Ordinal0 [0x00DDA113+1548563]
	Ordinal0 [0x00D5DDA1+1039777]
	Ordinal0 [0x00CDE32E+516910]
	Ordinal0 [0x00CD8012+491538]
	Ordinal0 [0x00CD86EB+493291]
	Ordinal0 [0x00CD9855+497749]
	Ordinal0 [0x00CD5885+481413]
	Ordinal0 [0x00CDF0D0+520400]
	Ordinal0 [0x00C8C030+180272]
	Ordinal0 [0x00C8B59D+177565]
	Ordinal0 [0x00C895FB+169467]
	Ordinal0 [0x00C7160A+71178]
	Ordinal0 [0x00C72690+75408]
	Ordinal0 [0x00C72629+75305]
	Ordinal0 [0x00D771B7+1143223]
	GetHandleVerifier [0x00E72B46+507814]
	GetHandleVerifier [0x00E72864+507076]
	GetHandleVerifier [0x00E79F47+537511]
	GetHandleVerifier [0x00E73402+510050]
	Ordinal0 [0x00D6F29C+1110684]
	Ordinal0 [0x00D7938B+1151883]
	Ordinal0 [0x00D794F3+1152243]
	Ordinal0 [0x00D783F5+1147893]
	BaseThreadInitThunk [0x74F86359+25]
	RtlGetAppContainerNamedObjectPath [0x77337B74+228]
	RtlGetAppContainerNamedObjectPath [0x77337B44+180]

	at sun.reflect.NativeConstructorAccessorImpl.newInstance0(Native Method)
	at sun.reflect.NativeConstructorAccessorImpl.newInstance(NativeConstructorAccessorImpl.java:62)
	at sun.reflect.DelegatingConstructorAccessorImpl.newInstance(DelegatingConstructorAccessorImpl.java:45)
	at java.lang.reflect.Constructor.newInstance(Constructor.java:423)
	at org.openqa.selenium.remote.W3CHandshakeResponse.lambda$errorHandler$0(W3CHandshakeResponse.java:62)
	at org.openqa.selenium.remote.HandshakeResponse.lambda$getResponseFunction$0(HandshakeResponse.java:30)
	at org.openqa.selenium.remote.ProtocolHandshake.lambda$createSession$0(ProtocolHandshake.java:126)
	at java.util.stream.ReferencePipeline$3$1.accept(ReferencePipeline.java:193)
	at java.util.Spliterators$ArraySpliterator.tryAdvance(Spliterators.java:958)
	at java.util.stream.ReferencePipeline.forEachWithCancel(ReferencePipeline.java:126)
	at java.util.stream.AbstractPipeline.copyIntoWithCancel(AbstractPipeline.java:499)
	at java.util.stream.AbstractPipeline.copyInto(AbstractPipeline.java:486)
	at java.util.stream.AbstractPipeline.wrapAndCopyInto(AbstractPipeline.java:472)
	at java.util.stream.FindOps$FindOp.evaluateSequential(FindOps.java:152)
	at java.util.stream.AbstractPipeline.evaluate(AbstractPipeline.java:234)
	at java.util.stream.ReferencePipeline.findFirst(ReferencePipeline.java:464)
	at org.openqa.selenium.remote.ProtocolHandshake.createSession(ProtocolHandshake.java:128)
	at org.openqa.selenium.remote.ProtocolHandshake.createSession(ProtocolHandshake.java:74)
	at org.openqa.selenium.remote.HttpCommandExecutor.execute(HttpCommandExecutor.java:136)
	at org.openqa.selenium.remote.service.DriverCommandExecutor.execute(DriverCommandExecutor.java:83)
	at org.openqa.selenium.remote.RemoteWebDriver.execute(RemoteWebDriver.java:552)
	at org.openqa.selenium.remote.RemoteWebDriver.startSession(RemoteWebDriver.java:213)
	at org.openqa.selenium.remote.RemoteWebDriver.&lt;init&gt;(RemoteWebDriver.java:131)
	at org.openqa.selenium.chrome.ChromeDriver.&lt;init&gt;(ChromeDriver.java:181)
	at org.openqa.selenium.chrome.ChromeDriver.&lt;init&gt;(ChromeDriver.java:168)
	at org.openqa.selenium.chrome.ChromeDriver.&lt;init&gt;(ChromeDriver.java:123)
	at stepDefinitions.Steps.user_Launch_Chrome_browser(Steps.java:24)
	at ✽.User Launch Chrome browser(file:Features/Customer.feature:4)
</error>
    <system-out>
  Background: Below are the common steps for each scenario                 # Features/Customer.feature:3
[DEBUG] Preference chrome=79 (valid until 2020-02-26 13:11:19)
[DEBUG] Preference chrome79=79.0.3945.36 (valid until 2020-02-26 13:11:19)
[INFO] Using chromedriver 79.0.3945.36 (since Google Chrome 79 is installed in your machine)
[DEBUG] Driver chromedriver 79.0.3945.36 found in cache
[INFO] Exporting webdriver.chrome.driver as C:\Users\suman\.m2\repository\webdriver\chromedriver\win32\79.0.3945.36\chromedriver.exe
    Given User Launch Chrome browser                                       # Steps.user_Launch_Chrome_browser()
      org.openqa.selenium.SessionNotCreatedException: session not created
from chrome not reachable
  (Session info: chrome=79.0.3945.130)
Build info: version: &apos;3.141.59&apos;, revision: &apos;e82be7d358&apos;, time: &apos;2018-11-14T08:17:03&apos;
System info: host: &apos;ST&apos;, ip: &apos;192.168.0.23&apos;, os.name: &apos;Windows 10&apos;, os.arch: &apos;amd64&apos;, os.version: &apos;10.0&apos;, java.version: &apos;1.8.0_221&apos;
Driver info: driver.version: ChromeDriver
remote stacktrace: Backtrace:
	Ordinal0 [0x00DDA113+1548563]
	Ordinal0 [0x00D5DDA1+1039777]
	Ordinal0 [0x00CDE32E+516910]
	Ordinal0 [0x00CD8012+491538]
	Ordinal0 [0x00CD86EB+493291]
	Ordinal0 [0x00CD9855+497749]
	Ordinal0 [0x00CD5885+481413]
	Ordinal0 [0x00CDF0D0+520400]
	Ordinal0 [0x00C8C030+180272]
	Ordinal0 [0x00C8B59D+177565]
	Ordinal0 [0x00C895FB+169467]
	Ordinal0 [0x00C7160A+71178]
	Ordinal0 [0x00C72690+75408]
	Ordinal0 [0x00C72629+75305]
	Ordinal0 [0x00D771B7+1143223]
	GetHandleVerifier [0x00E72B46+507814]
	GetHandleVerifier [0x00E72864+507076]
	GetHandleVerifier [0x00E79F47+537511]
	GetHandleVerifier [0x00E73402+510050]
	Ordinal0 [0x00D6F29C+1110684]
	Ordinal0 [0x00D7938B+1151883]
	Ordinal0 [0x00D794F3+1152243]
	Ordinal0 [0x00D783F5+1147893]
	BaseThreadInitThunk [0x74F86359+25]
	RtlGetAppContainerNamedObjectPath [0x77337B74+228]
	RtlGetAppContainerNamedObjectPath [0x77337B44+180]

	at sun.reflect.NativeConstructorAccessorImpl.newInstance0(Native Method)
	at sun.reflect.NativeConstructorAccessorImpl.newInstance(NativeConstructorAccessorImpl.java:62)
	at sun.reflect.DelegatingConstructorAccessorImpl.newInstance(DelegatingConstructorAccessorImpl.java:45)
	at java.lang.reflect.Constructor.newInstance(Constructor.java:423)
	at org.openqa.selenium.remote.W3CHandshakeResponse.lambda$errorHandler$0(W3CHandshakeResponse.java:62)
	at org.openqa.selenium.remote.HandshakeResponse.lambda$getResponseFunction$0(HandshakeResponse.java:30)
	at org.openqa.selenium.remote.ProtocolHandshake.lambda$createSession$0(ProtocolHandshake.java:126)
	at java.util.stream.ReferencePipeline$3$1.accept(ReferencePipeline.java:193)
	at java.util.Spliterators$ArraySpliterator.tryAdvance(Spliterators.java:958)
	at java.util.stream.ReferencePipeline.forEachWithCancel(ReferencePipeline.java:126)
	at java.util.stream.AbstractPipeline.copyIntoWithCancel(AbstractPipeline.java:499)
	at java.util.stream.AbstractPipeline.copyInto(AbstractPipeline.java:486)
	at java.util.stream.AbstractPipeline.wrapAndCopyInto(AbstractPipeline.java:472)
	at java.util.stream.FindOps$FindOp.evaluateSequential(FindOps.java:152)
	at java.util.stream.AbstractPipeline.evaluate(AbstractPipeline.java:234)
	at java.util.stream.ReferencePipeline.findFirst(ReferencePipeline.java:464)
	at org.openqa.selenium.remote.ProtocolHandshake.createSession(ProtocolHandshake.java:128)
	at org.openqa.selenium.remote.ProtocolHandshake.createSession(ProtocolHandshake.java:74)
	at org.openqa.selenium.remote.HttpCommandExecutor.execute(HttpCommandExecutor.java:136)
	at org.openqa.selenium.remote.service.DriverCommandExecutor.execute(DriverCommandExecutor.java:83)
	at org.openqa.selenium.remote.RemoteWebDriver.execute(RemoteWebDriver.java:552)
	at org.openqa.selenium.remote.RemoteWebDriver.startSession(RemoteWebDriver.java:213)
	at org.openqa.selenium.remote.RemoteWebDriver.&lt;init&gt;(RemoteWebDriver.java:131)
	at org.openqa.selenium.chrome.ChromeDriver.&lt;init&gt;(ChromeDriver.java:181)
	at org.openqa.selenium.chrome.ChromeDriver.&lt;init&gt;(ChromeDriver.java:168)
	at org.openqa.selenium.chrome.ChromeDriver.&lt;init&gt;(ChromeDriver.java:123)
	at stepDefinitions.Steps.user_Launch_Chrome_browser(Steps.java:24)
	at ?.User Launch Chrome browser(file:Features/Customer.feature:4)

    When User opens URL &quot;https://admin-demo.nopcommerce.com/login&quot;         # Steps.user_opens_URL(String)
    And User enters Email as &quot;admin@yourstore.com&quot; and Password as &quot;admin&quot; # Steps.user_enters_Email_as_and_Password_as(String,String)
    And Click on Login                                                     # Steps.click_on_Login()
    Then USer can view Dashboard                                           # Steps.user_can_view_Dashboard()

  Scenario: Search Customer by EMailID               # Features/Customer.feature:21
    When User click on customers Menu                # Steps.user_click_on_customers_Menu()
    And click on customers Menu Item                 # Steps.click_on_customers_Menu_Item()
    And Enter customer EMail                         # Steps.enter_customer_EMail()
    When Click on search button                      # Steps.click_on_search_button()
    Then USer should found Email in the Search table # Steps.user_should_found_Email_in_the_Search_table()
    And close browser                                # Steps.close_browser()
</system-out>
    <system-err>Starting ChromeDriver 79.0.3945.36 (3582db32b33893869b8c1339e8f4d9ed1816f143-refs/branch-heads/3945@{#614}) on port 2205
Only local connections are allowed.
Please protect ports used by ChromeDriver and related test frameworks to prevent access by malicious code.
[1582636300.865][WARNING]: Timed out connecting to Chrome, retrying...
[1582636304.867][WARNING]: Timed out connecting to Chrome, retrying...
</system-err>
  </testcase>
  <testcase classname="Customer" name="Search Customer by EMailID" time="15.364">
    <error message="session not created
from chrome not reachable
  (Session info: chrome=79.0.3945.130)
Build info: version: &apos;3.141.59&apos;, revision: &apos;e82be7d358&apos;, time: &apos;2018-11-14T08:17:03&apos;
System info: host: &apos;ST&apos;, ip: &apos;192.168.0.23&apos;, os.name: &apos;Windows 10&apos;, os.arch: &apos;amd64&apos;, os.version: &apos;10.0&apos;, java.version: &apos;1.8.0_221&apos;
Driver info: driver.version: ChromeDriver
remote stacktrace: Backtrace:
	Ordinal0 [0x00DDA113+1548563]
	Ordinal0 [0x00D5DDA1+1039777]
	Ordinal0 [0x00CDE32E+516910]
	Ordinal0 [0x00CD8012+491538]
	Ordinal0 [0x00CD86EB+493291]
	Ordinal0 [0x00CD9855+497749]
	Ordinal0 [0x00CD5885+481413]
	Ordinal0 [0x00CDF0D0+520400]
	Ordinal0 [0x00C8C030+180272]
	Ordinal0 [0x00C8B59D+177565]
	Ordinal0 [0x00C895FB+169467]
	Ordinal0 [0x00C7160A+71178]
	Ordinal0 [0x00C72690+75408]
	Ordinal0 [0x00C72629+75305]
	Ordinal0 [0x00D771B7+1143223]
	GetHandleVerifier [0x00E72B46+507814]
	GetHandleVerifier [0x00E72864+507076]
	GetHandleVerifier [0x00E79F47+537511]
	GetHandleVerifier [0x00E73402+510050]
	Ordinal0 [0x00D6F29C+1110684]
	Ordinal0 [0x00D7938B+1151883]
	Ordinal0 [0x00D794F3+1152243]
	Ordinal0 [0x00D783F5+1147893]
	BaseThreadInitThunk [0x74F86359+25]
	RtlGetAppContainerNamedObjectPath [0x77337B74+228]
	RtlGetAppContainerNamedObjectPath [0x77337B44+180]
" type="org.openqa.selenium.SessionNotCreatedException">org.openqa.selenium.SessionNotCreatedException: session not created
from chrome not reachable
  (Session info: chrome=79.0.3945.130)
Build info: version: &apos;3.141.59&apos;, revision: &apos;e82be7d358&apos;, time: &apos;2018-11-14T08:17:03&apos;
System info: host: &apos;ST&apos;, ip: &apos;192.168.0.23&apos;, os.name: &apos;Windows 10&apos;, os.arch: &apos;amd64&apos;, os.version: &apos;10.0&apos;, java.version: &apos;1.8.0_221&apos;
Driver info: driver.version: ChromeDriver
remote stacktrace: Backtrace:
	Ordinal0 [0x00DDA113+1548563]
	Ordinal0 [0x00D5DDA1+1039777]
	Ordinal0 [0x00CDE32E+516910]
	Ordinal0 [0x00CD8012+491538]
	Ordinal0 [0x00CD86EB+493291]
	Ordinal0 [0x00CD9855+497749]
	Ordinal0 [0x00CD5885+481413]
	Ordinal0 [0x00CDF0D0+520400]
	Ordinal0 [0x00C8C030+180272]
	Ordinal0 [0x00C8B59D+177565]
	Ordinal0 [0x00C895FB+169467]
	Ordinal0 [0x00C7160A+71178]
	Ordinal0 [0x00C72690+75408]
	Ordinal0 [0x00C72629+75305]
	Ordinal0 [0x00D771B7+1143223]
	GetHandleVerifier [0x00E72B46+507814]
	GetHandleVerifier [0x00E72864+507076]
	GetHandleVerifier [0x00E79F47+537511]
	GetHandleVerifier [0x00E73402+510050]
	Ordinal0 [0x00D6F29C+1110684]
	Ordinal0 [0x00D7938B+1151883]
	Ordinal0 [0x00D794F3+1152243]
	Ordinal0 [0x00D783F5+1147893]
	BaseThreadInitThunk [0x74F86359+25]
	RtlGetAppContainerNamedObjectPath [0x77337B74+228]
	RtlGetAppContainerNamedObjectPath [0x77337B44+180]

	at sun.reflect.NativeConstructorAccessorImpl.newInstance0(Native Method)
	at sun.reflect.NativeConstructorAccessorImpl.newInstance(NativeConstructorAccessorImpl.java:62)
	at sun.reflect.DelegatingConstructorAccessorImpl.newInstance(DelegatingConstructorAccessorImpl.java:45)
	at java.lang.reflect.Constructor.newInstance(Constructor.java:423)
	at org.openqa.selenium.remote.W3CHandshakeResponse.lambda$errorHandler$0(W3CHandshakeResponse.java:62)
	at org.openqa.selenium.remote.HandshakeResponse.lambda$getResponseFunction$0(HandshakeResponse.java:30)
	at org.openqa.selenium.remote.ProtocolHandshake.lambda$createSession$0(ProtocolHandshake.java:126)
	at java.util.stream.ReferencePipeline$3$1.accept(ReferencePipeline.java:193)
	at java.util.Spliterators$ArraySpliterator.tryAdvance(Spliterators.java:958)
	at java.util.stream.ReferencePipeline.forEachWithCancel(ReferencePipeline.java:126)
	at java.util.stream.AbstractPipeline.copyIntoWithCancel(AbstractPipeline.java:499)
	at java.util.stream.AbstractPipeline.copyInto(AbstractPipeline.java:486)
	at java.util.stream.AbstractPipeline.wrapAndCopyInto(AbstractPipeline.java:472)
	at java.util.stream.FindOps$FindOp.evaluateSequential(FindOps.java:152)
	at java.util.stream.AbstractPipeline.evaluate(AbstractPipeline.java:234)
	at java.util.stream.ReferencePipeline.findFirst(ReferencePipeline.java:464)
	at org.openqa.selenium.remote.ProtocolHandshake.createSession(ProtocolHandshake.java:128)
	at org.openqa.selenium.remote.ProtocolHandshake.createSession(ProtocolHandshake.java:74)
	at org.openqa.selenium.remote.HttpCommandExecutor.execute(HttpCommandExecutor.java:136)
	at org.openqa.selenium.remote.service.DriverCommandExecutor.execute(DriverCommandExecutor.java:83)
	at org.openqa.selenium.remote.RemoteWebDriver.execute(RemoteWebDriver.java:552)
	at org.openqa.selenium.remote.RemoteWebDriver.startSession(RemoteWebDriver.java:213)
	at org.openqa.selenium.remote.RemoteWebDriver.&lt;init&gt;(RemoteWebDriver.java:131)
	at org.openqa.selenium.chrome.ChromeDriver.&lt;init&gt;(ChromeDriver.java:181)
	at org.openqa.selenium.chrome.ChromeDriver.&lt;init&gt;(ChromeDriver.java:168)
	at org.openqa.selenium.chrome.ChromeDriver.&lt;init&gt;(ChromeDriver.java:123)
	at stepDefinitions.Steps.user_Launch_Chrome_browser(Steps.java:24)
	at ✽.User Launch Chrome browser(file:Features/Customer.feature:4)
</error>
    <system-out>
  Background: Below are the common steps for each scenario                 # Features/Customer.feature:3
[DEBUG] Preference chrome=79 (valid until 2020-02-26 13:11:19)
[DEBUG] Preference chrome79=79.0.3945.36 (valid until 2020-02-26 13:11:19)
[INFO] Using chromedriver 79.0.3945.36 (since Google Chrome 79 is installed in your machine)
[DEBUG] Driver chromedriver 79.0.3945.36 found in cache
[INFO] Exporting webdriver.chrome.driver as C:\Users\suman\.m2\repository\webdriver\chromedriver\win32\79.0.3945.36\chromedriver.exe
    Given User Launch Chrome browser                                       # Steps.user_Launch_Chrome_browser()
      org.openqa.selenium.SessionNotCreatedException: session not created
from chrome not reachable
  (Session info: chrome=79.0.3945.130)
Build info: version: &apos;3.141.59&apos;, revision: &apos;e82be7d358&apos;, time: &apos;2018-11-14T08:17:03&apos;
System info: host: &apos;ST&apos;, ip: &apos;192.168.0.23&apos;, os.name: &apos;Windows 10&apos;, os.arch: &apos;amd64&apos;, os.version: &apos;10.0&apos;, java.version: &apos;1.8.0_221&apos;
Driver info: driver.version: ChromeDriver
remote stacktrace: Backtrace:
	Ordinal0 [0x00DDA113+1548563]
	Ordinal0 [0x00D5DDA1+1039777]
	Ordinal0 [0x00CDE32E+516910]
	Ordinal0 [0x00CD8012+491538]
	Ordinal0 [0x00CD86EB+493291]
	Ordinal0 [0x00CD9855+497749]
	Ordinal0 [0x00CD5885+481413]
	Ordinal0 [0x00CDF0D0+520400]
	Ordinal0 [0x00C8C030+180272]
	Ordinal0 [0x00C8B59D+177565]
	Ordinal0 [0x00C895FB+169467]
	Ordinal0 [0x00C7160A+71178]
	Ordinal0 [0x00C72690+75408]
	Ordinal0 [0x00C72629+75305]
	Ordinal0 [0x00D771B7+1143223]
	GetHandleVerifier [0x00E72B46+507814]
	GetHandleVerifier [0x00E72864+507076]
	GetHandleVerifier [0x00E79F47+537511]
	GetHandleVerifier [0x00E73402+510050]
	Ordinal0 [0x00D6F29C+1110684]
	Ordinal0 [0x00D7938B+1151883]
	Ordinal0 [0x00D794F3+1152243]
	Ordinal0 [0x00D783F5+1147893]
	BaseThreadInitThunk [0x74F86359+25]
	RtlGetAppContainerNamedObjectPath [0x77337B74+228]
	RtlGetAppContainerNamedObjectPath [0x77337B44+180]

	at sun.reflect.NativeConstructorAccessorImpl.newInstance0(Native Method)
	at sun.reflect.NativeConstructorAccessorImpl.newInstance(NativeConstructorAccessorImpl.java:62)
	at sun.reflect.DelegatingConstructorAccessorImpl.newInstance(DelegatingConstructorAccessorImpl.java:45)
	at java.lang.reflect.Constructor.newInstance(Constructor.java:423)
	at org.openqa.selenium.remote.W3CHandshakeResponse.lambda$errorHandler$0(W3CHandshakeResponse.java:62)
	at org.openqa.selenium.remote.HandshakeResponse.lambda$getResponseFunction$0(HandshakeResponse.java:30)
	at org.openqa.selenium.remote.ProtocolHandshake.lambda$createSession$0(ProtocolHandshake.java:126)
	at java.util.stream.ReferencePipeline$3$1.accept(ReferencePipeline.java:193)
	at java.util.Spliterators$ArraySpliterator.tryAdvance(Spliterators.java:958)
	at java.util.stream.ReferencePipeline.forEachWithCancel(ReferencePipeline.java:126)
	at java.util.stream.AbstractPipeline.copyIntoWithCancel(AbstractPipeline.java:499)
	at java.util.stream.AbstractPipeline.copyInto(AbstractPipeline.java:486)
	at java.util.stream.AbstractPipeline.wrapAndCopyInto(AbstractPipeline.java:472)
	at java.util.stream.FindOps$FindOp.evaluateSequential(FindOps.java:152)
	at java.util.stream.AbstractPipeline.evaluate(AbstractPipeline.java:234)
	at java.util.stream.ReferencePipeline.findFirst(ReferencePipeline.java:464)
	at org.openqa.selenium.remote.ProtocolHandshake.createSession(ProtocolHandshake.java:128)
	at org.openqa.selenium.remote.ProtocolHandshake.createSession(ProtocolHandshake.java:74)
	at org.openqa.selenium.remote.HttpCommandExecutor.execute(HttpCommandExecutor.java:136)
	at org.openqa.selenium.remote.service.DriverCommandExecutor.execute(DriverCommandExecutor.java:83)
	at org.openqa.selenium.remote.RemoteWebDriver.execute(RemoteWebDriver.java:552)
	at org.openqa.selenium.remote.RemoteWebDriver.startSession(RemoteWebDriver.java:213)
	at org.openqa.selenium.remote.RemoteWebDriver.&lt;init&gt;(RemoteWebDriver.java:131)
	at org.openqa.selenium.chrome.ChromeDriver.&lt;init&gt;(ChromeDriver.java:181)
	at org.openqa.selenium.chrome.ChromeDriver.&lt;init&gt;(ChromeDriver.java:168)
	at org.openqa.selenium.chrome.ChromeDriver.&lt;init&gt;(ChromeDriver.java:123)
	at stepDefinitions.Steps.user_Launch_Chrome_browser(Steps.java:24)
	at ?.User Launch Chrome browser(file:Features/Customer.feature:4)

    When User opens URL &quot;https://admin-demo.nopcommerce.com/login&quot;         # Steps.user_opens_URL(String)
    And User enters Email as &quot;admin@yourstore.com&quot; and Password as &quot;admin&quot; # Steps.user_enters_Email_as_and_Password_as(String,String)
    And Click on Login                                                     # Steps.click_on_Login()
    Then USer can view Dashboard                                           # Steps.user_can_view_Dashboard()

  Scenario: Search Customer by EMailID              # Features/Customer.feature:30
    When User click on customers Menu               # Steps.user_click_on_customers_Menu()
    And click on customers Menu Item                # Steps.click_on_customers_Menu_Item()
    And Enter customer FirstName                    # Steps.enter_customer_FirstName()
    And Enter customer LastName                     # Steps.enter_customer_LastName()
    When Click on search button                     # Steps.click_on_search_button()
    Then USer should found Name in the Search table # Steps.user_should_found_Name_in_the_Search_table()
    And close browser                               # Steps.close_browser()
</system-out>
    <system-err>Starting ChromeDriver 79.0.3945.36 (3582db32b33893869b8c1339e8f4d9ed1816f143-refs/branch-heads/3945@{#614}) on port 37081
Only local connections are allowed.
Please protect ports used by ChromeDriver and related test frameworks to prevent access by malicious code.
[1582636316.228][WARNING]: Timed out connecting to Chrome, retrying...
[1582636320.228][WARNING]: Timed out connecting to Chrome, retrying...
</system-err>
  </testcase>
  <testcase classname="Login" name="Successful Login with Vaid Credentials" time="15.319">
    <error message="session not created
from chrome not reachable
  (Session info: chrome=79.0.3945.130)
Build info: version: &apos;3.141.59&apos;, revision: &apos;e82be7d358&apos;, time: &apos;2018-11-14T08:17:03&apos;
System info: host: &apos;ST&apos;, ip: &apos;192.168.0.23&apos;, os.name: &apos;Windows 10&apos;, os.arch: &apos;amd64&apos;, os.version: &apos;10.0&apos;, java.version: &apos;1.8.0_221&apos;
Driver info: driver.version: ChromeDriver
remote stacktrace: Backtrace:
	Ordinal0 [0x00DDA113+1548563]
	Ordinal0 [0x00D5DDA1+1039777]
	Ordinal0 [0x00CDE32E+516910]
	Ordinal0 [0x00CD8012+491538]
	Ordinal0 [0x00CD86EB+493291]
	Ordinal0 [0x00CD9855+497749]
	Ordinal0 [0x00CD5885+481413]
	Ordinal0 [0x00CDF0D0+520400]
	Ordinal0 [0x00C8C030+180272]
	Ordinal0 [0x00C8B59D+177565]
	Ordinal0 [0x00C895FB+169467]
	Ordinal0 [0x00C7160A+71178]
	Ordinal0 [0x00C72690+75408]
	Ordinal0 [0x00C72629+75305]
	Ordinal0 [0x00D771B7+1143223]
	GetHandleVerifier [0x00E72B46+507814]
	GetHandleVerifier [0x00E72864+507076]
	GetHandleVerifier [0x00E79F47+537511]
	GetHandleVerifier [0x00E73402+510050]
	Ordinal0 [0x00D6F29C+1110684]
	Ordinal0 [0x00D7938B+1151883]
	Ordinal0 [0x00D794F3+1152243]
	Ordinal0 [0x00D783F5+1147893]
	BaseThreadInitThunk [0x74F86359+25]
	RtlGetAppContainerNamedObjectPath [0x77337B74+228]
	RtlGetAppContainerNamedObjectPath [0x77337B44+180]
" type="org.openqa.selenium.SessionNotCreatedException">org.openqa.selenium.SessionNotCreatedException: session not created
from chrome not reachable
  (Session info: chrome=79.0.3945.130)
Build info: version: &apos;3.141.59&apos;, revision: &apos;e82be7d358&apos;, time: &apos;2018-11-14T08:17:03&apos;
System info: host: &apos;ST&apos;, ip: &apos;192.168.0.23&apos;, os.name: &apos;Windows 10&apos;, os.arch: &apos;amd64&apos;, os.version: &apos;10.0&apos;, java.version: &apos;1.8.0_221&apos;
Driver info: driver.version: ChromeDriver
remote stacktrace: Backtrace:
	Ordinal0 [0x00DDA113+1548563]
	Ordinal0 [0x00D5DDA1+1039777]
	Ordinal0 [0x00CDE32E+516910]
	Ordinal0 [0x00CD8012+491538]
	Ordinal0 [0x00CD86EB+493291]
	Ordinal0 [0x00CD9855+497749]
	Ordinal0 [0x00CD5885+481413]
	Ordinal0 [0x00CDF0D0+520400]
	Ordinal0 [0x00C8C030+180272]
	Ordinal0 [0x00C8B59D+177565]
	Ordinal0 [0x00C895FB+169467]
	Ordinal0 [0x00C7160A+71178]
	Ordinal0 [0x00C72690+75408]
	Ordinal0 [0x00C72629+75305]
	Ordinal0 [0x00D771B7+1143223]
	GetHandleVerifier [0x00E72B46+507814]
	GetHandleVerifier [0x00E72864+507076]
	GetHandleVerifier [0x00E79F47+537511]
	GetHandleVerifier [0x00E73402+510050]
	Ordinal0 [0x00D6F29C+1110684]
	Ordinal0 [0x00D7938B+1151883]
	Ordinal0 [0x00D794F3+1152243]
	Ordinal0 [0x00D783F5+1147893]
	BaseThreadInitThunk [0x74F86359+25]
	RtlGetAppContainerNamedObjectPath [0x77337B74+228]
	RtlGetAppContainerNamedObjectPath [0x77337B44+180]

	at sun.reflect.NativeConstructorAccessorImpl.newInstance0(Native Method)
	at sun.reflect.NativeConstructorAccessorImpl.newInstance(NativeConstructorAccessorImpl.java:62)
	at sun.reflect.DelegatingConstructorAccessorImpl.newInstance(DelegatingConstructorAccessorImpl.java:45)
	at java.lang.reflect.Constructor.newInstance(Constructor.java:423)
	at org.openqa.selenium.remote.W3CHandshakeResponse.lambda$errorHandler$0(W3CHandshakeResponse.java:62)
	at org.openqa.selenium.remote.HandshakeResponse.lambda$getResponseFunction$0(HandshakeResponse.java:30)
	at org.openqa.selenium.remote.ProtocolHandshake.lambda$createSession$0(ProtocolHandshake.java:126)
	at java.util.stream.ReferencePipeline$3$1.accept(ReferencePipeline.java:193)
	at java.util.Spliterators$ArraySpliterator.tryAdvance(Spliterators.java:958)
	at java.util.stream.ReferencePipeline.forEachWithCancel(ReferencePipeline.java:126)
	at java.util.stream.AbstractPipeline.copyIntoWithCancel(AbstractPipeline.java:499)
	at java.util.stream.AbstractPipeline.copyInto(AbstractPipeline.java:486)
	at java.util.stream.AbstractPipeline.wrapAndCopyInto(AbstractPipeline.java:472)
	at java.util.stream.FindOps$FindOp.evaluateSequential(FindOps.java:152)
	at java.util.stream.AbstractPipeline.evaluate(AbstractPipeline.java:234)
	at java.util.stream.ReferencePipeline.findFirst(ReferencePipeline.java:464)
	at org.openqa.selenium.remote.ProtocolHandshake.createSession(ProtocolHandshake.java:128)
	at org.openqa.selenium.remote.ProtocolHandshake.createSession(ProtocolHandshake.java:74)
	at org.openqa.selenium.remote.HttpCommandExecutor.execute(HttpCommandExecutor.java:136)
	at org.openqa.selenium.remote.service.DriverCommandExecutor.execute(DriverCommandExecutor.java:83)
	at org.openqa.selenium.remote.RemoteWebDriver.execute(RemoteWebDriver.java:552)
	at org.openqa.selenium.remote.RemoteWebDriver.startSession(RemoteWebDriver.java:213)
	at org.openqa.selenium.remote.RemoteWebDriver.&lt;init&gt;(RemoteWebDriver.java:131)
	at org.openqa.selenium.chrome.ChromeDriver.&lt;init&gt;(ChromeDriver.java:181)
	at org.openqa.selenium.chrome.ChromeDriver.&lt;init&gt;(ChromeDriver.java:168)
	at org.openqa.selenium.chrome.ChromeDriver.&lt;init&gt;(ChromeDriver.java:123)
	at stepDefinitions.Steps.user_Launch_Chrome_browser(Steps.java:24)
	at ✽.User Launch Chrome browser(file:Features/Login.feature:4)
</error>
    <system-out>
Feature: Login

  Scenario: Successful Login with Vaid Credentials                         # Features/Login.feature:3
[DEBUG] Preference chrome=79 (valid until 2020-02-26 13:11:19)
[DEBUG] Preference chrome79=79.0.3945.36 (valid until 2020-02-26 13:11:19)
[INFO] Using chromedriver 79.0.3945.36 (since Google Chrome 79 is installed in your machine)
[DEBUG] Driver chromedriver 79.0.3945.36 found in cache
[INFO] Exporting webdriver.chrome.driver as C:\Users\suman\.m2\repository\webdriver\chromedriver\win32\79.0.3945.36\chromedriver.exe
    Given User Launch Chrome browser                                       # Steps.user_Launch_Chrome_browser()
      org.openqa.selenium.SessionNotCreatedException: session not created
from chrome not reachable
  (Session info: chrome=79.0.3945.130)
Build info: version: &apos;3.141.59&apos;, revision: &apos;e82be7d358&apos;, time: &apos;2018-11-14T08:17:03&apos;
System info: host: &apos;ST&apos;, ip: &apos;192.168.0.23&apos;, os.name: &apos;Windows 10&apos;, os.arch: &apos;amd64&apos;, os.version: &apos;10.0&apos;, java.version: &apos;1.8.0_221&apos;
Driver info: driver.version: ChromeDriver
remote stacktrace: Backtrace:
	Ordinal0 [0x00DDA113+1548563]
	Ordinal0 [0x00D5DDA1+1039777]
	Ordinal0 [0x00CDE32E+516910]
	Ordinal0 [0x00CD8012+491538]
	Ordinal0 [0x00CD86EB+493291]
	Ordinal0 [0x00CD9855+497749]
	Ordinal0 [0x00CD5885+481413]
	Ordinal0 [0x00CDF0D0+520400]
	Ordinal0 [0x00C8C030+180272]
	Ordinal0 [0x00C8B59D+177565]
	Ordinal0 [0x00C895FB+169467]
	Ordinal0 [0x00C7160A+71178]
	Ordinal0 [0x00C72690+75408]
	Ordinal0 [0x00C72629+75305]
	Ordinal0 [0x00D771B7+1143223]
	GetHandleVerifier [0x00E72B46+507814]
	GetHandleVerifier [0x00E72864+507076]
	GetHandleVerifier [0x00E79F47+537511]
	GetHandleVerifier [0x00E73402+510050]
	Ordinal0 [0x00D6F29C+1110684]
	Ordinal0 [0x00D7938B+1151883]
	Ordinal0 [0x00D794F3+1152243]
	Ordinal0 [0x00D783F5+1147893]
	BaseThreadInitThunk [0x74F86359+25]
	RtlGetAppContainerNamedObjectPath [0x77337B74+228]
	RtlGetAppContainerNamedObjectPath [0x77337B44+180]

	at sun.reflect.NativeConstructorAccessorImpl.newInstance0(Native Method)
	at sun.reflect.NativeConstructorAccessorImpl.newInstance(NativeConstructorAccessorImpl.java:62)
	at sun.reflect.DelegatingConstructorAccessorImpl.newInstance(DelegatingConstructorAccessorImpl.java:45)
	at java.lang.reflect.Constructor.newInstance(Constructor.java:423)
	at org.openqa.selenium.remote.W3CHandshakeResponse.lambda$errorHandler$0(W3CHandshakeResponse.java:62)
	at org.openqa.selenium.remote.HandshakeResponse.lambda$getResponseFunction$0(HandshakeResponse.java:30)
	at org.openqa.selenium.remote.ProtocolHandshake.lambda$createSession$0(ProtocolHandshake.java:126)
	at java.util.stream.ReferencePipeline$3$1.accept(ReferencePipeline.java:193)
	at java.util.Spliterators$ArraySpliterator.tryAdvance(Spliterators.java:958)
	at java.util.stream.ReferencePipeline.forEachWithCancel(ReferencePipeline.java:126)
	at java.util.stream.AbstractPipeline.copyIntoWithCancel(AbstractPipeline.java:499)
	at java.util.stream.AbstractPipeline.copyInto(AbstractPipeline.java:486)
	at java.util.stream.AbstractPipeline.wrapAndCopyInto(AbstractPipeline.java:472)
	at java.util.stream.FindOps$FindOp.evaluateSequential(FindOps.java:152)
	at java.util.stream.AbstractPipeline.evaluate(AbstractPipeline.java:234)
	at java.util.stream.ReferencePipeline.findFirst(ReferencePipeline.java:464)
	at org.openqa.selenium.remote.ProtocolHandshake.createSession(ProtocolHandshake.java:128)
	at org.openqa.selenium.remote.ProtocolHandshake.createSession(ProtocolHandshake.java:74)
	at org.openqa.selenium.remote.HttpCommandExecutor.execute(HttpCommandExecutor.java:136)
	at org.openqa.selenium.remote.service.DriverCommandExecutor.execute(DriverCommandExecutor.java:83)
	at org.openqa.selenium.remote.RemoteWebDriver.execute(RemoteWebDriver.java:552)
	at org.openqa.selenium.remote.RemoteWebDriver.startSession(RemoteWebDriver.java:213)
	at org.openqa.selenium.remote.RemoteWebDriver.&lt;init&gt;(RemoteWebDriver.java:131)
	at org.openqa.selenium.chrome.ChromeDriver.&lt;init&gt;(ChromeDriver.java:181)
	at org.openqa.selenium.chrome.ChromeDriver.&lt;init&gt;(ChromeDriver.java:168)
	at org.openqa.selenium.chrome.ChromeDriver.&lt;init&gt;(ChromeDriver.java:123)
	at stepDefinitions.Steps.user_Launch_Chrome_browser(Steps.java:24)
	at ?.User Launch Chrome browser(file:Features/Login.feature:4)

    When User opens URL &quot;https://admin-demo.nopcommerce.com/login&quot;         # Steps.user_opens_URL(String)
    And User enters Email as &quot;admin@yourstore.com&quot; and Password as &quot;admin&quot; # Steps.user_enters_Email_as_and_Password_as(String,String)
    And Click on Login                                                     # Steps.click_on_Login()
    Then Page Title should be &quot;Dashboard / nopCommerce administration&quot;     # Steps.page_Title_should_be(String)
    When User click on Log out link                                        # Steps.user_click_on_Log_out_link()
    Then Page Title should be &quot;Your store. Login&quot;                          # Steps.page_Title_should_be(String)
    And close browser                                                      # Steps.close_browser()
</system-out>
    <system-err>Starting ChromeDriver 79.0.3945.36 (3582db32b33893869b8c1339e8f4d9ed1816f143-refs/branch-heads/3945@{#614}) on port 12855
Only local connections are allowed.
Please protect ports used by ChromeDriver and related test frameworks to prevent access by malicious code.
[1582636331.561][WARNING]: Timed out connecting to Chrome, retrying...
[1582636335.563][WARNING]: Timed out connecting to Chrome, retrying...
</system-err>
  </testcase>
  <testcase classname="Login" name="Login Data Driven" time="15.449">
    <error message="session not created
from chrome not reachable
  (Session info: chrome=79.0.3945.130)
Build info: version: &apos;3.141.59&apos;, revision: &apos;e82be7d358&apos;, time: &apos;2018-11-14T08:17:03&apos;
System info: host: &apos;ST&apos;, ip: &apos;192.168.0.23&apos;, os.name: &apos;Windows 10&apos;, os.arch: &apos;amd64&apos;, os.version: &apos;10.0&apos;, java.version: &apos;1.8.0_221&apos;
Driver info: driver.version: ChromeDriver
remote stacktrace: Backtrace:
	Ordinal0 [0x00DDA113+1548563]
	Ordinal0 [0x00D5DDA1+1039777]
	Ordinal0 [0x00CDE32E+516910]
	Ordinal0 [0x00CD8012+491538]
	Ordinal0 [0x00CD86EB+493291]
	Ordinal0 [0x00CD9855+497749]
	Ordinal0 [0x00CD5885+481413]
	Ordinal0 [0x00CDF0D0+520400]
	Ordinal0 [0x00C8C030+180272]
	Ordinal0 [0x00C8B59D+177565]
	Ordinal0 [0x00C895FB+169467]
	Ordinal0 [0x00C7160A+71178]
	Ordinal0 [0x00C72690+75408]
	Ordinal0 [0x00C72629+75305]
	Ordinal0 [0x00D771B7+1143223]
	GetHandleVerifier [0x00E72B46+507814]
	GetHandleVerifier [0x00E72864+507076]
	GetHandleVerifier [0x00E79F47+537511]
	GetHandleVerifier [0x00E73402+510050]
	Ordinal0 [0x00D6F29C+1110684]
	Ordinal0 [0x00D7938B+1151883]
	Ordinal0 [0x00D794F3+1152243]
	Ordinal0 [0x00D783F5+1147893]
	BaseThreadInitThunk [0x74F86359+25]
	RtlGetAppContainerNamedObjectPath [0x77337B74+228]
	RtlGetAppContainerNamedObjectPath [0x77337B44+180]
" type="org.openqa.selenium.SessionNotCreatedException">org.openqa.selenium.SessionNotCreatedException: session not created
from chrome not reachable
  (Session info: chrome=79.0.3945.130)
Build info: version: &apos;3.141.59&apos;, revision: &apos;e82be7d358&apos;, time: &apos;2018-11-14T08:17:03&apos;
System info: host: &apos;ST&apos;, ip: &apos;192.168.0.23&apos;, os.name: &apos;Windows 10&apos;, os.arch: &apos;amd64&apos;, os.version: &apos;10.0&apos;, java.version: &apos;1.8.0_221&apos;
Driver info: driver.version: ChromeDriver
remote stacktrace: Backtrace:
	Ordinal0 [0x00DDA113+1548563]
	Ordinal0 [0x00D5DDA1+1039777]
	Ordinal0 [0x00CDE32E+516910]
	Ordinal0 [0x00CD8012+491538]
	Ordinal0 [0x00CD86EB+493291]
	Ordinal0 [0x00CD9855+497749]
	Ordinal0 [0x00CD5885+481413]
	Ordinal0 [0x00CDF0D0+520400]
	Ordinal0 [0x00C8C030+180272]
	Ordinal0 [0x00C8B59D+177565]
	Ordinal0 [0x00C895FB+169467]
	Ordinal0 [0x00C7160A+71178]
	Ordinal0 [0x00C72690+75408]
	Ordinal0 [0x00C72629+75305]
	Ordinal0 [0x00D771B7+1143223]
	GetHandleVerifier [0x00E72B46+507814]
	GetHandleVerifier [0x00E72864+507076]
	GetHandleVerifier [0x00E79F47+537511]
	GetHandleVerifier [0x00E73402+510050]
	Ordinal0 [0x00D6F29C+1110684]
	Ordinal0 [0x00D7938B+1151883]
	Ordinal0 [0x00D794F3+1152243]
	Ordinal0 [0x00D783F5+1147893]
	BaseThreadInitThunk [0x74F86359+25]
	RtlGetAppContainerNamedObjectPath [0x77337B74+228]
	RtlGetAppContainerNamedObjectPath [0x77337B44+180]

	at sun.reflect.NativeConstructorAccessorImpl.newInstance0(Native Method)
	at sun.reflect.NativeConstructorAccessorImpl.newInstance(NativeConstructorAccessorImpl.java:62)
	at sun.reflect.DelegatingConstructorAccessorImpl.newInstance(DelegatingConstructorAccessorImpl.java:45)
	at java.lang.reflect.Constructor.newInstance(Constructor.java:423)
	at org.openqa.selenium.remote.W3CHandshakeResponse.lambda$errorHandler$0(W3CHandshakeResponse.java:62)
	at org.openqa.selenium.remote.HandshakeResponse.lambda$getResponseFunction$0(HandshakeResponse.java:30)
	at org.openqa.selenium.remote.ProtocolHandshake.lambda$createSession$0(ProtocolHandshake.java:126)
	at java.util.stream.ReferencePipeline$3$1.accept(ReferencePipeline.java:193)
	at java.util.Spliterators$ArraySpliterator.tryAdvance(Spliterators.java:958)
	at java.util.stream.ReferencePipeline.forEachWithCancel(ReferencePipeline.java:126)
	at java.util.stream.AbstractPipeline.copyIntoWithCancel(AbstractPipeline.java:499)
	at java.util.stream.AbstractPipeline.copyInto(AbstractPipeline.java:486)
	at java.util.stream.AbstractPipeline.wrapAndCopyInto(AbstractPipeline.java:472)
	at java.util.stream.FindOps$FindOp.evaluateSequential(FindOps.java:152)
	at java.util.stream.AbstractPipeline.evaluate(AbstractPipeline.java:234)
	at java.util.stream.ReferencePipeline.findFirst(ReferencePipeline.java:464)
	at org.openqa.selenium.remote.ProtocolHandshake.createSession(ProtocolHandshake.java:128)
	at org.openqa.selenium.remote.ProtocolHandshake.createSession(ProtocolHandshake.java:74)
	at org.openqa.selenium.remote.HttpCommandExecutor.execute(HttpCommandExecutor.java:136)
	at org.openqa.selenium.remote.service.DriverCommandExecutor.execute(DriverCommandExecutor.java:83)
	at org.openqa.selenium.remote.RemoteWebDriver.execute(RemoteWebDriver.java:552)
	at org.openqa.selenium.remote.RemoteWebDriver.startSession(RemoteWebDriver.java:213)
	at org.openqa.selenium.remote.RemoteWebDriver.&lt;init&gt;(RemoteWebDriver.java:131)
	at org.openqa.selenium.chrome.ChromeDriver.&lt;init&gt;(ChromeDriver.java:181)
	at org.openqa.selenium.chrome.ChromeDriver.&lt;init&gt;(ChromeDriver.java:168)
	at org.openqa.selenium.chrome.ChromeDriver.&lt;init&gt;(ChromeDriver.java:123)
	at stepDefinitions.Steps.user_Launch_Chrome_browser(Steps.java:24)
	at ✽.User Launch Chrome browser(file:Features/Login.feature:14)
</error>
    <system-out>
  Scenario Outline: Login Data Driven # Features/Login.feature:13
    Given User Launch Chrome browser
    When User opens URL &quot;http://admin-demo.nopcommerce.com/login&quot;
    And User enters Email as &quot;&lt;email&gt;&quot; and Password as &quot;&lt;password&gt;&quot;
    And Click on Login
    Then Page Title should be &quot;Dashboard / nopCommerce administration&quot;
    When User click on Log out link
    Then Page Title should be &quot;Your store. Login&quot;
    And close browser

    Examples: 

  Scenario Outline: Login Data Driven                                      # Features/Login.feature:25
[DEBUG] Preference chrome=79 (valid until 2020-02-26 13:11:19)
[DEBUG] Preference chrome79=79.0.3945.36 (valid until 2020-02-26 13:11:19)
[INFO] Using chromedriver 79.0.3945.36 (since Google Chrome 79 is installed in your machine)
[DEBUG] Driver chromedriver 79.0.3945.36 found in cache
[INFO] Exporting webdriver.chrome.driver as C:\Users\suman\.m2\repository\webdriver\chromedriver\win32\79.0.3945.36\chromedriver.exe
    Given User Launch Chrome browser                                       # Steps.user_Launch_Chrome_browser()
      org.openqa.selenium.SessionNotCreatedException: session not created
from chrome not reachable
  (Session info: chrome=79.0.3945.130)
Build info: version: &apos;3.141.59&apos;, revision: &apos;e82be7d358&apos;, time: &apos;2018-11-14T08:17:03&apos;
System info: host: &apos;ST&apos;, ip: &apos;192.168.0.23&apos;, os.name: &apos;Windows 10&apos;, os.arch: &apos;amd64&apos;, os.version: &apos;10.0&apos;, java.version: &apos;1.8.0_221&apos;
Driver info: driver.version: ChromeDriver
remote stacktrace: Backtrace:
	Ordinal0 [0x00DDA113+1548563]
	Ordinal0 [0x00D5DDA1+1039777]
	Ordinal0 [0x00CDE32E+516910]
	Ordinal0 [0x00CD8012+491538]
	Ordinal0 [0x00CD86EB+493291]
	Ordinal0 [0x00CD9855+497749]
	Ordinal0 [0x00CD5885+481413]
	Ordinal0 [0x00CDF0D0+520400]
	Ordinal0 [0x00C8C030+180272]
	Ordinal0 [0x00C8B59D+177565]
	Ordinal0 [0x00C895FB+169467]
	Ordinal0 [0x00C7160A+71178]
	Ordinal0 [0x00C72690+75408]
	Ordinal0 [0x00C72629+75305]
	Ordinal0 [0x00D771B7+1143223]
	GetHandleVerifier [0x00E72B46+507814]
	GetHandleVerifier [0x00E72864+507076]
	GetHandleVerifier [0x00E79F47+537511]
	GetHandleVerifier [0x00E73402+510050]
	Ordinal0 [0x00D6F29C+1110684]
	Ordinal0 [0x00D7938B+1151883]
	Ordinal0 [0x00D794F3+1152243]
	Ordinal0 [0x00D783F5+1147893]
	BaseThreadInitThunk [0x74F86359+25]
	RtlGetAppContainerNamedObjectPath [0x77337B74+228]
	RtlGetAppContainerNamedObjectPath [0x77337B44+180]

	at sun.reflect.NativeConstructorAccessorImpl.newInstance0(Native Method)
	at sun.reflect.NativeConstructorAccessorImpl.newInstance(NativeConstructorAccessorImpl.java:62)
	at sun.reflect.DelegatingConstructorAccessorImpl.newInstance(DelegatingConstructorAccessorImpl.java:45)
	at java.lang.reflect.Constructor.newInstance(Constructor.java:423)
	at org.openqa.selenium.remote.W3CHandshakeResponse.lambda$errorHandler$0(W3CHandshakeResponse.java:62)
	at org.openqa.selenium.remote.HandshakeResponse.lambda$getResponseFunction$0(HandshakeResponse.java:30)
	at org.openqa.selenium.remote.ProtocolHandshake.lambda$createSession$0(ProtocolHandshake.java:126)
	at java.util.stream.ReferencePipeline$3$1.accept(ReferencePipeline.java:193)
	at java.util.Spliterators$ArraySpliterator.tryAdvance(Spliterators.java:958)
	at java.util.stream.ReferencePipeline.forEachWithCancel(ReferencePipeline.java:126)
	at java.util.stream.AbstractPipeline.copyIntoWithCancel(AbstractPipeline.java:499)
	at java.util.stream.AbstractPipeline.copyInto(AbstractPipeline.java:486)
	at java.util.stream.AbstractPipeline.wrapAndCopyInto(AbstractPipeline.java:472)
	at java.util.stream.FindOps$FindOp.evaluateSequential(FindOps.java:152)
	at java.util.stream.AbstractPipeline.evaluate(AbstractPipeline.java:234)
	at java.util.stream.ReferencePipeline.findFirst(ReferencePipeline.java:464)
	at org.openqa.selenium.remote.ProtocolHandshake.createSession(ProtocolHandshake.java:128)
	at org.openqa.selenium.remote.ProtocolHandshake.createSession(ProtocolHandshake.java:74)
	at org.openqa.selenium.remote.HttpCommandExecutor.execute(HttpCommandExecutor.java:136)
	at org.openqa.selenium.remote.service.DriverCommandExecutor.execute(DriverCommandExecutor.java:83)
	at org.openqa.selenium.remote.RemoteWebDriver.execute(RemoteWebDriver.java:552)
	at org.openqa.selenium.remote.RemoteWebDriver.startSession(RemoteWebDriver.java:213)
	at org.openqa.selenium.remote.RemoteWebDriver.&lt;init&gt;(RemoteWebDriver.java:131)
	at org.openqa.selenium.chrome.ChromeDriver.&lt;init&gt;(ChromeDriver.java:181)
	at org.openqa.selenium.chrome.ChromeDriver.&lt;init&gt;(ChromeDriver.java:168)
	at org.openqa.selenium.chrome.ChromeDriver.&lt;init&gt;(ChromeDriver.java:123)
	at stepDefinitions.Steps.user_Launch_Chrome_browser(Steps.java:24)
	at ?.User Launch Chrome browser(file:Features/Login.feature:14)

    When User opens URL &quot;http://admin-demo.nopcommerce.com/login&quot;          # Steps.user_opens_URL(String)
    And User enters Email as &quot;admin@yourstore.com&quot; and Password as &quot;admin&quot; # Steps.user_enters_Email_as_and_Password_as(String,String)
    And Click on Login                                                     # Steps.click_on_Login()
    Then Page Title should be &quot;Dashboard / nopCommerce administration&quot;     # Steps.page_Title_should_be(String)
    When User click on Log out link                                        # Steps.user_click_on_Log_out_link()
    Then Page Title should be &quot;Your store. Login&quot;                          # Steps.page_Title_should_be(String)
    And close browser                                                      # Steps.close_browser()
</system-out>
    <system-err>Starting ChromeDriver 79.0.3945.36 (3582db32b33893869b8c1339e8f4d9ed1816f143-refs/branch-heads/3945@{#614}) on port 39937
Only local connections are allowed.
Please protect ports used by ChromeDriver and related test frameworks to prevent access by malicious code.
[1582636347.011][WARNING]: Timed out connecting to Chrome, retrying...
[1582636351.011][WARNING]: Timed out connecting to Chrome, retrying...
</system-err>
  </testcase>
  <testcase classname="Login" name="Login Data Driven" time="15.357">
    <error message="session not created
from chrome not reachable
  (Session info: chrome=79.0.3945.130)
Build info: version: &apos;3.141.59&apos;, revision: &apos;e82be7d358&apos;, time: &apos;2018-11-14T08:17:03&apos;
System info: host: &apos;ST&apos;, ip: &apos;192.168.0.23&apos;, os.name: &apos;Windows 10&apos;, os.arch: &apos;amd64&apos;, os.version: &apos;10.0&apos;, java.version: &apos;1.8.0_221&apos;
Driver info: driver.version: ChromeDriver
remote stacktrace: Backtrace:
	Ordinal0 [0x00DDA113+1548563]
	Ordinal0 [0x00D5DDA1+1039777]
	Ordinal0 [0x00CDE32E+516910]
	Ordinal0 [0x00CD8012+491538]
	Ordinal0 [0x00CD86EB+493291]
	Ordinal0 [0x00CD9855+497749]
	Ordinal0 [0x00CD5885+481413]
	Ordinal0 [0x00CDF0D0+520400]
	Ordinal0 [0x00C8C030+180272]
	Ordinal0 [0x00C8B59D+177565]
	Ordinal0 [0x00C895FB+169467]
	Ordinal0 [0x00C7160A+71178]
	Ordinal0 [0x00C72690+75408]
	Ordinal0 [0x00C72629+75305]
	Ordinal0 [0x00D771B7+1143223]
	GetHandleVerifier [0x00E72B46+507814]
	GetHandleVerifier [0x00E72864+507076]
	GetHandleVerifier [0x00E79F47+537511]
	GetHandleVerifier [0x00E73402+510050]
	Ordinal0 [0x00D6F29C+1110684]
	Ordinal0 [0x00D7938B+1151883]
	Ordinal0 [0x00D794F3+1152243]
	Ordinal0 [0x00D783F5+1147893]
	BaseThreadInitThunk [0x74F86359+25]
	RtlGetAppContainerNamedObjectPath [0x77337B74+228]
	RtlGetAppContainerNamedObjectPath [0x77337B44+180]
" type="org.openqa.selenium.SessionNotCreatedException">org.openqa.selenium.SessionNotCreatedException: session not created
from chrome not reachable
  (Session info: chrome=79.0.3945.130)
Build info: version: &apos;3.141.59&apos;, revision: &apos;e82be7d358&apos;, time: &apos;2018-11-14T08:17:03&apos;
System info: host: &apos;ST&apos;, ip: &apos;192.168.0.23&apos;, os.name: &apos;Windows 10&apos;, os.arch: &apos;amd64&apos;, os.version: &apos;10.0&apos;, java.version: &apos;1.8.0_221&apos;
Driver info: driver.version: ChromeDriver
remote stacktrace: Backtrace:
	Ordinal0 [0x00DDA113+1548563]
	Ordinal0 [0x00D5DDA1+1039777]
	Ordinal0 [0x00CDE32E+516910]
	Ordinal0 [0x00CD8012+491538]
	Ordinal0 [0x00CD86EB+493291]
	Ordinal0 [0x00CD9855+497749]
	Ordinal0 [0x00CD5885+481413]
	Ordinal0 [0x00CDF0D0+520400]
	Ordinal0 [0x00C8C030+180272]
	Ordinal0 [0x00C8B59D+177565]
	Ordinal0 [0x00C895FB+169467]
	Ordinal0 [0x00C7160A+71178]
	Ordinal0 [0x00C72690+75408]
	Ordinal0 [0x00C72629+75305]
	Ordinal0 [0x00D771B7+1143223]
	GetHandleVerifier [0x00E72B46+507814]
	GetHandleVerifier [0x00E72864+507076]
	GetHandleVerifier [0x00E79F47+537511]
	GetHandleVerifier [0x00E73402+510050]
	Ordinal0 [0x00D6F29C+1110684]
	Ordinal0 [0x00D7938B+1151883]
	Ordinal0 [0x00D794F3+1152243]
	Ordinal0 [0x00D783F5+1147893]
	BaseThreadInitThunk [0x74F86359+25]
	RtlGetAppContainerNamedObjectPath [0x77337B74+228]
	RtlGetAppContainerNamedObjectPath [0x77337B44+180]

	at sun.reflect.NativeConstructorAccessorImpl.newInstance0(Native Method)
	at sun.reflect.NativeConstructorAccessorImpl.newInstance(NativeConstructorAccessorImpl.java:62)
	at sun.reflect.DelegatingConstructorAccessorImpl.newInstance(DelegatingConstructorAccessorImpl.java:45)
	at java.lang.reflect.Constructor.newInstance(Constructor.java:423)
	at org.openqa.selenium.remote.W3CHandshakeResponse.lambda$errorHandler$0(W3CHandshakeResponse.java:62)
	at org.openqa.selenium.remote.HandshakeResponse.lambda$getResponseFunction$0(HandshakeResponse.java:30)
	at org.openqa.selenium.remote.ProtocolHandshake.lambda$createSession$0(ProtocolHandshake.java:126)
	at java.util.stream.ReferencePipeline$3$1.accept(ReferencePipeline.java:193)
	at java.util.Spliterators$ArraySpliterator.tryAdvance(Spliterators.java:958)
	at java.util.stream.ReferencePipeline.forEachWithCancel(ReferencePipeline.java:126)
	at java.util.stream.AbstractPipeline.copyIntoWithCancel(AbstractPipeline.java:499)
	at java.util.stream.AbstractPipeline.copyInto(AbstractPipeline.java:486)
	at java.util.stream.AbstractPipeline.wrapAndCopyInto(AbstractPipeline.java:472)
	at java.util.stream.FindOps$FindOp.evaluateSequential(FindOps.java:152)
	at java.util.stream.AbstractPipeline.evaluate(AbstractPipeline.java:234)
	at java.util.stream.ReferencePipeline.findFirst(ReferencePipeline.java:464)
	at org.openqa.selenium.remote.ProtocolHandshake.createSession(ProtocolHandshake.java:128)
	at org.openqa.selenium.remote.ProtocolHandshake.createSession(ProtocolHandshake.java:74)
	at org.openqa.selenium.remote.HttpCommandExecutor.execute(HttpCommandExecutor.java:136)
	at org.openqa.selenium.remote.service.DriverCommandExecutor.execute(DriverCommandExecutor.java:83)
	at org.openqa.selenium.remote.RemoteWebDriver.execute(RemoteWebDriver.java:552)
	at org.openqa.selenium.remote.RemoteWebDriver.startSession(RemoteWebDriver.java:213)
	at org.openqa.selenium.remote.RemoteWebDriver.&lt;init&gt;(RemoteWebDriver.java:131)
	at org.openqa.selenium.chrome.ChromeDriver.&lt;init&gt;(ChromeDriver.java:181)
	at org.openqa.selenium.chrome.ChromeDriver.&lt;init&gt;(ChromeDriver.java:168)
	at org.openqa.selenium.chrome.ChromeDriver.&lt;init&gt;(ChromeDriver.java:123)
	at stepDefinitions.Steps.user_Launch_Chrome_browser(Steps.java:24)
	at ✽.User Launch Chrome browser(file:Features/Login.feature:14)
</error>
    <system-out>
  Scenario Outline: Login Data Driven                                         # Features/Login.feature:26
[DEBUG] Preference chrome=79 (valid until 2020-02-26 13:11:19)
[DEBUG] Preference chrome79=79.0.3945.36 (valid until 2020-02-26 13:11:19)
[INFO] Using chromedriver 79.0.3945.36 (since Google Chrome 79 is installed in your machine)
[DEBUG] Driver chromedriver 79.0.3945.36 found in cache
[INFO] Exporting webdriver.chrome.driver as C:\Users\suman\.m2\repository\webdriver\chromedriver\win32\79.0.3945.36\chromedriver.exe
    Given User Launch Chrome browser                                          # Steps.user_Launch_Chrome_browser()
      org.openqa.selenium.SessionNotCreatedException: session not created
from chrome not reachable
  (Session info: chrome=79.0.3945.130)
Build info: version: &apos;3.141.59&apos;, revision: &apos;e82be7d358&apos;, time: &apos;2018-11-14T08:17:03&apos;
System info: host: &apos;ST&apos;, ip: &apos;192.168.0.23&apos;, os.name: &apos;Windows 10&apos;, os.arch: &apos;amd64&apos;, os.version: &apos;10.0&apos;, java.version: &apos;1.8.0_221&apos;
Driver info: driver.version: ChromeDriver
remote stacktrace: Backtrace:
	Ordinal0 [0x00DDA113+1548563]
	Ordinal0 [0x00D5DDA1+1039777]
	Ordinal0 [0x00CDE32E+516910]
	Ordinal0 [0x00CD8012+491538]
	Ordinal0 [0x00CD86EB+493291]
	Ordinal0 [0x00CD9855+497749]
	Ordinal0 [0x00CD5885+481413]
	Ordinal0 [0x00CDF0D0+520400]
	Ordinal0 [0x00C8C030+180272]
	Ordinal0 [0x00C8B59D+177565]
	Ordinal0 [0x00C895FB+169467]
	Ordinal0 [0x00C7160A+71178]
	Ordinal0 [0x00C72690+75408]
	Ordinal0 [0x00C72629+75305]
	Ordinal0 [0x00D771B7+1143223]
	GetHandleVerifier [0x00E72B46+507814]
	GetHandleVerifier [0x00E72864+507076]
	GetHandleVerifier [0x00E79F47+537511]
	GetHandleVerifier [0x00E73402+510050]
	Ordinal0 [0x00D6F29C+1110684]
	Ordinal0 [0x00D7938B+1151883]
	Ordinal0 [0x00D794F3+1152243]
	Ordinal0 [0x00D783F5+1147893]
	BaseThreadInitThunk [0x74F86359+25]
	RtlGetAppContainerNamedObjectPath [0x77337B74+228]
	RtlGetAppContainerNamedObjectPath [0x77337B44+180]

	at sun.reflect.NativeConstructorAccessorImpl.newInstance0(Native Method)
	at sun.reflect.NativeConstructorAccessorImpl.newInstance(NativeConstructorAccessorImpl.java:62)
	at sun.reflect.DelegatingConstructorAccessorImpl.newInstance(DelegatingConstructorAccessorImpl.java:45)
	at java.lang.reflect.Constructor.newInstance(Constructor.java:423)
	at org.openqa.selenium.remote.W3CHandshakeResponse.lambda$errorHandler$0(W3CHandshakeResponse.java:62)
	at org.openqa.selenium.remote.HandshakeResponse.lambda$getResponseFunction$0(HandshakeResponse.java:30)
	at org.openqa.selenium.remote.ProtocolHandshake.lambda$createSession$0(ProtocolHandshake.java:126)
	at java.util.stream.ReferencePipeline$3$1.accept(ReferencePipeline.java:193)
	at java.util.Spliterators$ArraySpliterator.tryAdvance(Spliterators.java:958)
	at java.util.stream.ReferencePipeline.forEachWithCancel(ReferencePipeline.java:126)
	at java.util.stream.AbstractPipeline.copyIntoWithCancel(AbstractPipeline.java:499)
	at java.util.stream.AbstractPipeline.copyInto(AbstractPipeline.java:486)
	at java.util.stream.AbstractPipeline.wrapAndCopyInto(AbstractPipeline.java:472)
	at java.util.stream.FindOps$FindOp.evaluateSequential(FindOps.java:152)
	at java.util.stream.AbstractPipeline.evaluate(AbstractPipeline.java:234)
	at java.util.stream.ReferencePipeline.findFirst(ReferencePipeline.java:464)
	at org.openqa.selenium.remote.ProtocolHandshake.createSession(ProtocolHandshake.java:128)
	at org.openqa.selenium.remote.ProtocolHandshake.createSession(ProtocolHandshake.java:74)
	at org.openqa.selenium.remote.HttpCommandExecutor.execute(HttpCommandExecutor.java:136)
	at org.openqa.selenium.remote.service.DriverCommandExecutor.execute(DriverCommandExecutor.java:83)
	at org.openqa.selenium.remote.RemoteWebDriver.execute(RemoteWebDriver.java:552)
	at org.openqa.selenium.remote.RemoteWebDriver.startSession(RemoteWebDriver.java:213)
	at org.openqa.selenium.remote.RemoteWebDriver.&lt;init&gt;(RemoteWebDriver.java:131)
	at org.openqa.selenium.chrome.ChromeDriver.&lt;init&gt;(ChromeDriver.java:181)
	at org.openqa.selenium.chrome.ChromeDriver.&lt;init&gt;(ChromeDriver.java:168)
	at org.openqa.selenium.chrome.ChromeDriver.&lt;init&gt;(ChromeDriver.java:123)
	at stepDefinitions.Steps.user_Launch_Chrome_browser(Steps.java:24)
	at ?.User Launch Chrome browser(file:Features/Login.feature:14)

    When User opens URL &quot;http://admin-demo.nopcommerce.com/login&quot;             # Steps.user_opens_URL(String)
    And User enters Email as &quot;admin@yourstore.com&quot; and Password as &quot;admin123&quot; # Steps.user_enters_Email_as_and_Password_as(String,String)
    And Click on Login                                                        # Steps.click_on_Login()
    Then Page Title should be &quot;Dashboard / nopCommerce administration&quot;        # Steps.page_Title_should_be(String)
    When User click on Log out link                                           # Steps.user_click_on_Log_out_link()
    Then Page Title should be &quot;Your store. Login&quot;                             # Steps.page_Title_should_be(String)
    And close browser                                                         # Steps.close_browser()
</system-out>
    <system-err>Starting ChromeDriver 79.0.3945.36 (3582db32b33893869b8c1339e8f4d9ed1816f143-refs/branch-heads/3945@{#614}) on port 6501
Only local connections are allowed.
Please protect ports used by ChromeDriver and related test frameworks to prevent access by malicious code.
[1582636362.359][WARNING]: Timed out connecting to Chrome, retrying...
[1582636366.362][WARNING]: Timed out connecting to Chrome, retrying...
</system-err>
  </testcase>
</testsuite>